<?xml version="1.0" encoding="UTF-8"?>
<testng-results ignored="0" total="1" passed="1" failed="0" skipped="0">
  <reporter-output>
  </reporter-output>
  <suite started-at="2021-03-23T19:00:35Z" name="Practice Suite" finished-at="2021-03-23T19:00:35Z" duration-ms="28">
    <groups>
    </groups>
    <test started-at="2021-03-23T19:00:35Z" name="Regerssion" finished-at="2021-03-23T19:00:35Z" duration-ms="28">
      <class name="build.endtoend.testendtoend.Sumtest">
        <test-method signature="numbSumtest()[pri:0, instance:build.endtoend.testendtoend.Sumtest@5e0e82ae]" started-at="2021-03-23T15:00:35Z" name="numbSumtest" finished-at="2021-03-23T15:00:35Z" duration-ms="10" status="PASS">
          <reporter-output>
          </reporter-output>
        </test-method> <!-- numbSumtest -->
      </class> <!-- build.endtoend.testendtoend.Sumtest -->
    </test> <!-- Regerssion -->
  </suite> <!-- Practice Suite -->
</testng-results>
